2025-06-12 10:24:51 - Starting ProductServiceApplicationTests using Java 21 with PID 22388 (started by 2400250 in C:\Users\2400250\OneDrive - Cognizant\Desktop\Inventory\product-service)
2025-06-12 10:24:51 - The following 1 profile is active: "test"
2025-06-12 10:24:52 - Bootstrapping Spring Data JPA repositories in DEFAULT mode.
2025-06-12 10:24:52 - Finished Spring Data repository scanning in 175 ms. Found 1 JPA repository interface.
2025-06-12 10:24:52 - BeanFactory id=0b31611d-22e6-3cf2-baa9-591f0f0c49a1
2025-06-12 10:24:53 - Tomcat initialized with port 0 (http)
2025-06-12 10:24:53 - Starting service [Tomcat]
2025-06-12 10:24:53 - Starting Servlet engine: [Apache Tomcat/10.1.41]
2025-06-12 10:24:53 - Initializing Spring embedded WebApplicationContext
2025-06-12 10:24:53 - Root WebApplicationContext: initialization completed in 2203 ms
2025-06-12 10:24:53 - HHH000204: Processing PersistenceUnitInfo [name: default]
2025-06-12 10:24:53 - HHH000412: Hibernate ORM core version 6.6.15.Final
2025-06-12 10:24:53 - HHH000026: Second-level cache disabled
2025-06-12 10:24:54 - No LoadTimeWeaver setup: ignoring JPA class transformer
2025-06-12 10:24:54 - HikariPool-1 - Starting...
2025-06-12 10:24:54 - HikariPool-1 - Added connection com.mysql.cj.jdbc.ConnectionImpl@6821c63c
2025-06-12 10:24:54 - HikariPool-1 - Start completed.
2025-06-12 10:24:54 - HHH90000025: MySQL8Dialect does not need to be specified explicitly using 'hibernate.dialect' (remove the property setting and it will be selected by default)
2025-06-12 10:24:54 - HHH90000026: MySQL8Dialect has been deprecated; use org.hibernate.dialect.MySQLDialect instead
2025-06-12 10:24:54 - HHH10001005: Database info:
	Database JDBC URL [Connecting through datasource 'HikariDataSource (HikariPool-1)']
	Database driver: undefined/unknown
	Database version: 8.0
	Autocommit mode: undefined/unknown
	Isolation level: undefined/unknown
	Minimum pool size: undefined/unknown
	Maximum pool size: undefined/unknown
2025-06-12 10:24:55 - HHH000489: No JTA platform available (set 'hibernate.transaction.jta.platform' to enable JTA platform integration)
2025-06-12 10:24:55 - Initialized JPA EntityManagerFactory for persistence unit 'default'
2025-06-12 10:24:56 - spring.jpa.open-in-view is enabled by default. Therefore, database queries may be performed during view rendering. Explicitly configure spring.jpa.open-in-view to disable this warning
2025-06-12 10:24:56 - Eureka HTTP Client uses RestTemplate.
2025-06-12 10:24:56 - Spring Cloud LoadBalancer is currently working with the default cache. While this cache implementation is useful for development and tests, it's recommended to use Caffeine cache in production.You can switch to using Caffeine cache, by adding it and org.springframework.cache.caffeine.CaffeineCacheManager to the classpath.
2025-06-12 10:24:57 - Tomcat started on port 65295 (http) with context path '/'
2025-06-12 10:24:57 - Updating port to 65295
2025-06-12 10:24:57 - Setting initial instance status as: STARTING
2025-06-12 10:24:57 - Initializing Eureka in region us-east-1
2025-06-12 10:24:57 - Resolving eureka endpoints via configuration
2025-06-12 10:24:57 - Disable delta property : false
2025-06-12 10:24:57 - Single vip registry refresh property : null
2025-06-12 10:24:57 - Force full registry fetch : false
2025-06-12 10:24:57 - Application is null : false
2025-06-12 10:24:57 - Registered Applications size is zero : true
2025-06-12 10:24:57 - Application version is -1: true
2025-06-12 10:24:57 - Getting all instance registry info from the eureka server
2025-06-12 10:24:57 - The response status is 200
2025-06-12 10:24:57 - Starting heartbeat executor: renew interval is: 30
2025-06-12 10:24:57 - InstanceInfoReplicator onDemand update allowed rate per min is 4
2025-06-12 10:24:57 - Discovery Client initialized at timestamp 1749704097523 with initial instances count: 7
2025-06-12 10:24:57 - Registering application PRODUCT-SERVICE with eureka with status UP
2025-06-12 10:24:57 - Saw local status change event StatusChangeEvent [timestamp=1749704097535, current=UP, previous=STARTING]
2025-06-12 10:24:57 - DiscoveryClient_PRODUCT-SERVICE/LTIN600853.cts.com:product-service:0: registering service...
2025-06-12 10:24:57 - Started ProductServiceApplicationTests in 6.872 seconds (process running for 8.299)
2025-06-12 10:24:57 - DiscoveryClient_PRODUCT-SERVICE/LTIN600853.cts.com:product-service:0 - registration status: 204
2025-06-12 10:24:58 - Unregistering application PRODUCT-SERVICE with eureka with status DOWN
2025-06-12 10:24:58 - Saw local status change event StatusChangeEvent [timestamp=1749704098226, current=DOWN, previous=UP]
2025-06-12 10:24:58 - DiscoveryClient_PRODUCT-SERVICE/LTIN600853.cts.com:product-service:0: registering service...
2025-06-12 10:24:58 - Commencing graceful shutdown. Waiting for active requests to complete
2025-06-12 10:24:58 - DiscoveryClient_PRODUCT-SERVICE/LTIN600853.cts.com:product-service:0 - registration status: 204
2025-06-12 10:24:58 - Graceful shutdown complete
2025-06-12 10:24:58 - Closing JPA EntityManagerFactory for persistence unit 'default'
2025-06-12 10:24:58 - HikariPool-1 - Shutdown initiated...
2025-06-12 10:24:58 - HikariPool-1 - Shutdown completed.
2025-06-12 10:24:58 - Shutting down DiscoveryClient ...
2025-06-12 10:25:01 - Unregistering ...
2025-06-12 10:25:01 - DiscoveryClient_PRODUCT-SERVICE/LTIN600853.cts.com:product-service:0 - deregister  status: 200
2025-06-12 10:25:01 - Completed shut down of DiscoveryClient
